This is pdfTeX, Version 3.14159265-2.6-1.40.20 (TeX Live 2019/Debian) (preloaded format=pdflatex 2022.3.1)  25 APR 2022 11:57
entering extended mode
 restricted \write18 enabled.
 %&-line parsing enabled.
**latex.tex
(./latex.tex
LaTeX2e <2020-02-02> patch level 2
L3 programming layer <2020-02-14>
(/usr/share/texlive/texmf-dist/tex/latex/base/article.cls
Document Class: article 2019/12/20 v1.4l Standard LaTeX document class
(/usr/share/texlive/texmf-dist/tex/latex/base/size11.clo
File: size11.clo 2019/12/20 v1.4l Standard LaTeX file (size option)
)
\c@part=\count167
\c@section=\count168
\c@subsection=\count169
\c@subsubsection=\count170
\c@paragraph=\count171
\c@subparagraph=\count172
\c@figure=\count173
\c@table=\count174
\abovecaptionskip=\skip47
\belowcaptionskip=\skip48
\bibindent=\dimen134
)
(/usr/share/texlive/texmf-dist/tex/generic/babel/babel.sty
Package: babel 2020/02/14 3.40 The Babel package

(/usr/share/texlive/texmf-dist/tex/generic/babel/switch.def
File: switch.def 2020/02/14 3.40 Babel switching mechanism
)
(/usr/share/texlive/texmf-dist/tex/generic/babel-french/french.ldf
Language: french 2020/01/30 v3.5g French support from the babel system

(/usr/share/texlive/texmf-dist/tex/generic/babel/babel.def
File: babel.def 2020/02/14 3.40 Babel common definitions
\babel@savecnt=\count175
\U@D=\dimen135

(/usr/share/texlive/texmf-dist/tex/generic/babel/txtbabel.def)
\bbl@readstream=\read2
\bbl@dirlevel=\count176
)
Package babel Info: \l@acadian = using hyphenrules for french
(babel)             (\language65) on input line 91.
Package babel Info: \l@canadien = using hyphenrules for french
(babel)             (\language65) on input line 92.
\FB@nonchar=\count177
Package babel Info: Making : an active character on input line 419.
Package babel Info: Making ; an active character on input line 420.
Package babel Info: Making ! an active character on input line 421.
Package babel Info: Making ? an active character on input line 422.
\FBguill@level=\count178
\FBold@everypar=\toks14
\FB@Mht=\dimen136
\mc@charclass=\count179
\mc@charfam=\count180
\mc@charslot=\count181
\std@mcc=\count182
\dec@mcc=\count183
\c@FBcaption@count=\count184
\listindentFB=\dimen137
\descindentFB=\dimen138
\labelindentFB=\dimen139
\labelwidthFB=\dimen140
\leftmarginFB=\dimen141
\parindentFFN=\dimen142
\FBfnindent=\dimen143
))
(/usr/share/texlive/texmf-dist/tex/latex/carlisle/scalefnt.sty)
(/usr/share/texlive/texmf-dist/tex/latex/graphics/keyval.sty
Package: keyval 2014/10/28 v1.15 key=value parser (DPC)
\KV@toks@=\toks15
)
(/usr/share/texlive/texmf-dist/tex/latex/base/inputenc.sty
Package: inputenc 2018/08/11 v1.3c Input encoding file
\inpenc@prehook=\toks16
\inpenc@posthook=\toks17
)
(/usr/share/texlive/texmf-dist/tex/latex/base/fontenc.sty
Package: fontenc 2020/02/11 v2.0o Standard LaTeX package
)
(/usr/share/texlive/texmf-dist/tex/latex/multirow/multirow.sty
Package: multirow 2019/05/31 v2.5 Span multiple rows of a table
\multirow@colwidth=\skip49
\multirow@cntb=\count185
\multirow@dima=\skip50
\bigstrutjot=\dimen144
)
(/usr/share/texlive/texmf-dist/tex/latex/tools/multicol.sty
Package: multicol 2019/12/09 v1.8y multicolumn formatting (FMi)
\c@tracingmulticols=\count186
\mult@box=\box45
\multicol@leftmargin=\dimen145
\c@unbalance=\count187
\c@collectmore=\count188
\doublecol@number=\count189
\multicoltolerance=\count190
\multicolpretolerance=\count191
\full@width=\dimen146
\page@free=\dimen147
\premulticols=\dimen148
\postmulticols=\dimen149
\multicolsep=\skip51
\multicolbaselineskip=\skip52
\partial@page=\box46
\last@line=\box47
\maxbalancingoverflow=\dimen150
\mult@rightbox=\box48
\mult@grightbox=\box49
\mult@gfirstbox=\box50
\mult@firstbox=\box51
\@tempa=\box52
\@tempa=\box53
\@tempa=\box54
\@tempa=\box55
\@tempa=\box56
\@tempa=\box57
\@tempa=\box58
\@tempa=\box59
\@tempa=\box60
\@tempa=\box61
\@tempa=\box62
\@tempa=\box63
\@tempa=\box64
\@tempa=\box65
\@tempa=\box66
\@tempa=\box67
\@tempa=\box68
\@tempa=\box69
\@tempa=\box70
\@tempa=\box71
\@tempa=\box72
\@tempa=\box73
\@tempa=\box74
\@tempa=\box75
\@tempa=\box76
\@tempa=\box77
\@tempa=\box78
\@tempa=\box79
\@tempa=\box80
\@tempa=\box81
\@tempa=\box82
\@tempa=\box83
\@tempa=\box84
\@tempa=\box85
\@tempa=\box86
\@tempa=\box87
\@tempa=\box88
\c@minrows=\count192
\c@columnbadness=\count193
\c@finalcolumnbadness=\count194
\last@try=\dimen151
\multicolovershoot=\dimen152
\multicolundershoot=\dimen153
\mult@nat@firstbox=\box89
\colbreak@box=\box90
\mc@col@check@num=\count195
)
(/usr/share/texlive/texmf-dist/tex/latex/amsmath/amsmath.sty
Package: amsmath 2020/01/20 v2.17e AMS math features
\@mathmargin=\skip53

For additional information on amsmath, use the `?' option.
(/usr/share/texlive/texmf-dist/tex/latex/amsmath/amstext.sty
Package: amstext 2000/06/29 v2.01 AMS text

(/usr/share/texlive/texmf-dist/tex/latex/amsmath/amsgen.sty
File: amsgen.sty 1999/11/30 v2.0 generic functions
\@emptytoks=\toks18
\ex@=\dimen154
))
(/usr/share/texlive/texmf-dist/tex/latex/amsmath/amsbsy.sty
Package: amsbsy 1999/11/29 v1.2d Bold Symbols
\pmbraise@=\dimen155
)
(/usr/share/texlive/texmf-dist/tex/latex/amsmath/amsopn.sty
Package: amsopn 2016/03/08 v2.02 operator names
)
\inf@bad=\count196
LaTeX Info: Redefining \frac on input line 227.
\uproot@=\count197
\leftroot@=\count198
LaTeX Info: Redefining \overline on input line 389.
\classnum@=\count199
\DOTSCASE@=\count266
LaTeX Info: Redefining \ldots on input line 486.
LaTeX Info: Redefining \dots on input line 489.
LaTeX Info: Redefining \cdots on input line 610.
\Mathstrutbox@=\box91
\strutbox@=\box92
\big@size=\dimen156
LaTeX Font Info:    Redeclaring font encoding OML on input line 733.
LaTeX Font Info:    Redeclaring font encoding OMS on input line 734.
\macc@depth=\count267
\c@MaxMatrixCols=\count268
\dotsspace@=\muskip16
\c@parentequation=\count269
\dspbrk@lvl=\count270
\tag@help=\toks19
\row@=\count271
\column@=\count272
\maxfields@=\count273
\andhelp@=\toks20
\eqnshift@=\dimen157
\alignsep@=\dimen158
\tagshift@=\dimen159
\tagwidth@=\dimen160
\totwidth@=\dimen161
\lineht@=\dimen162
\@envbody=\toks21
\multlinegap=\skip54
\multlinetaggap=\skip55
\mathdisplay@stack=\toks22
LaTeX Info: Redefining \[ on input line 2859.
LaTeX Info: Redefining \] on input line 2860.
)
(/usr/share/texlive/texmf-dist/tex/latex/amsfonts/amssymb.sty
Package: amssymb 2013/01/14 v3.01 AMS font symbols

(/usr/share/texlive/texmf-dist/tex/latex/amsfonts/amsfonts.sty
Package: amsfonts 2013/01/14 v3.01 Basic AMSFonts support
\symAMSa=\mathgroup4
\symAMSb=\mathgroup5
LaTeX Font Info:    Redeclaring math symbol \hbar on input line 98.
LaTeX Font Info:    Overwriting math alphabet `\mathfrak' in version `bold'
(Font)                  U/euf/m/n --> U/euf/b/n on input line 106.
))
(/usr/share/texlive/texmf-dist/tex/latex/base/latexsym.sty
Package: latexsym 1998/08/17 v2.2e Standard LaTeX package (lasy symbols)
\symlasy=\mathgroup6
LaTeX Font Info:    Overwriting symbol font `lasy' in version `bold'
(Font)                  U/lasy/m/n --> U/lasy/b/n on input line 52.
)
(/usr/share/texlive/texmf-dist/tex/latex/graphics/graphicx.sty
Package: graphicx 2019/11/30 v1.2a Enhanced LaTeX Graphics (DPC,SPQR)

(/usr/share/texlive/texmf-dist/tex/latex/graphics/graphics.sty
Package: graphics 2019/11/30 v1.4a Standard LaTeX Graphics (DPC,SPQR)

(/usr/share/texlive/texmf-dist/tex/latex/graphics/trig.sty
Package: trig 2016/01/03 v1.10 sin cos tan (DPC)
)
(/usr/share/texlive/texmf-dist/tex/latex/graphics-cfg/graphics.cfg
File: graphics.cfg 2016/06/04 v1.11 sample graphics configuration
)
Package graphics Info: Driver file: pdftex.def on input line 105.

(/usr/share/texlive/texmf-dist/tex/latex/graphics-def/pdftex.def
File: pdftex.def 2018/01/08 v1.0l Graphics/color driver for pdftex
))
\Gin@req@height=\dimen163
\Gin@req@width=\dimen164
)
(/usr/share/texlive/texmf-dist/tex/latex/graphics/epsfig.sty
Package: epsfig 2017/06/25 v1.7b (e)psfig emulation (SPQR)
\epsfxsize=\dimen165
\epsfysize=\dimen166
)
(/usr/share/texlive/texmf-dist/tex/latex/subfigure/subfigure.sty
Package: subfigure 2002/03/15 v2.1.5 subfigure package
\subfigtopskip=\skip56
\subfigcapskip=\skip57
\subfigcaptopadj=\dimen167
\subfigbottomskip=\skip58
\subfigcapmargin=\dimen168
\subfiglabelskip=\skip59
\c@subfigure=\count274
\c@lofdepth=\count275
\c@subtable=\count276
\c@lotdepth=\count277

****************************************
* Local config file subfigure.cfg used *
****************************************
(/usr/share/texlive/texmf-dist/tex/latex/subfigure/subfigure.cfg)
\subfig@top=\skip60
\subfig@bottom=\skip61
)
(/usr/share/texlive/texmf-dist/tex/latex/algorithms/algorithm.sty
Package: algorithm 2009/08/24 v0.1 Document Style `algorithm' - floating enviro
nment

(/usr/share/texlive/texmf-dist/tex/latex/float/float.sty
Package: float 2001/11/08 v1.3d Float enhancements (AL)
\c@float@type=\count278
\float@exts=\toks23
\float@box=\box93
\@float@everytoks=\toks24
\@floatcapt=\box94
)
(/usr/share/texlive/texmf-dist/tex/latex/base/ifthen.sty
Package: ifthen 2014/09/29 v1.1c Standard LaTeX ifthen package (DPC)
)
\@float@every@algorithm=\toks25
\c@algorithm=\count279
)
(/usr/share/texlive/texmf-dist/tex/latex/algorithms/algorithmic.sty
Package: algorithmic 2009/08/24 v0.1 Document Style `algorithmic'
\c@ALC@unique=\count280
\c@ALC@line=\count281
\c@ALC@rem=\count282
\c@ALC@depth=\count283
\ALC@tlm=\skip62
\algorithmicindent=\skip63
)
(/usr/share/texlive/texmf-dist/tex/generic/dvips/rotate.sty
\@rotdimen=\dimen169
\@rotbox=\box95
)
(/usr/share/texlive/texmf-dist/tex/latex/url/url.sty
\Urlmuskip=\muskip17
Package: url 2013/09/16  ver 3.4  Verb mode for urls, etc.
)
(/usr/share/texlive/texmf-dist/tex/latex/setspace/setspace.sty
Package: setspace 2011/12/19 v6.7a set line spacing
)
(/usr/share/texlive/texmf-dist/tex/latex/fancyhdr/fancyhdr.sty
Package: fancyhdr 2019/01/31 v3.10 Extensive control of page headers and footer
s
\f@nch@headwidth=\skip64
\f@nch@O@elh=\skip65
\f@nch@O@erh=\skip66
\f@nch@O@olh=\skip67
\f@nch@O@orh=\skip68
\f@nch@O@elf=\skip69
\f@nch@O@erf=\skip70
\f@nch@O@olf=\skip71
\f@nch@O@orf=\skip72
)
(/usr/share/texlive/texmf-dist/tex/latex/graphics/color.sty
Package: color 2019/11/23 v1.2a Standard LaTeX Color (DPC)

(/usr/share/texlive/texmf-dist/tex/latex/graphics-cfg/color.cfg
File: color.cfg 2016/01/02 v1.6 sample color configuration
)
Package color Info: Driver file: pdftex.def on input line 147.
)
(/usr/share/texlive/texmf-dist/tex/latex/hyperref/hyperref.sty
Package: hyperref 2020/01/14 v7.00d Hypertext links for LaTeX

(/usr/share/texlive/texmf-dist/tex/generic/ltxcmds/ltxcmds.sty
Package: ltxcmds 2019/12/15 v1.24 LaTeX kernel commands for general use (HO)
)
(/usr/share/texlive/texmf-dist/tex/generic/iftex/iftex.sty
Package: iftex 2019/11/07 v1.0c TeX engine tests
)
(/usr/share/texlive/texmf-dist/tex/latex/pdftexcmds/pdftexcmds.sty
Package: pdftexcmds 2019/11/24 v0.31 Utility functions of pdfTeX for LuaTeX (HO
)

(/usr/share/texlive/texmf-dist/tex/generic/infwarerr/infwarerr.sty
Package: infwarerr 2019/12/03 v1.5 Providing info/warning/error messages (HO)
)
Package pdftexcmds Info: \pdf@primitive is available.
Package pdftexcmds Info: \pdf@ifprimitive is available.
Package pdftexcmds Info: \pdfdraftmode found.
)
(/usr/share/texlive/texmf-dist/tex/generic/kvsetkeys/kvsetkeys.sty
Package: kvsetkeys 2019/12/15 v1.18 Key value parser (HO)
)
(/usr/share/texlive/texmf-dist/tex/generic/kvdefinekeys/kvdefinekeys.sty
Package: kvdefinekeys 2019-12-19 v1.6 Define keys (HO)
)
(/usr/share/texlive/texmf-dist/tex/generic/pdfescape/pdfescape.sty
Package: pdfescape 2019/12/09 v1.15 Implements pdfTeX's escape features (HO)
)
(/usr/share/texlive/texmf-dist/tex/latex/hycolor/hycolor.sty
Package: hycolor 2020-01-27 v1.10 Color options for hyperref/bookmark (HO)
)
(/usr/share/texlive/texmf-dist/tex/latex/letltxmacro/letltxmacro.sty
Package: letltxmacro 2019/12/03 v1.6 Let assignment for LaTeX macros (HO)
)
(/usr/share/texlive/texmf-dist/tex/latex/auxhook/auxhook.sty
Package: auxhook 2019-12-17 v1.6 Hooks for auxiliary files (HO)
)
(/usr/share/texlive/texmf-dist/tex/latex/kvoptions/kvoptions.sty
Package: kvoptions 2019/11/29 v3.13 Key value format for package options (HO)
)
\@linkdim=\dimen170
\Hy@linkcounter=\count284
\Hy@pagecounter=\count285

(/usr/share/texlive/texmf-dist/tex/latex/hyperref/pd1enc.def
File: pd1enc.def 2020/01/14 v7.00d Hyperref: PDFDocEncoding definition (HO)
Now handling font encoding PD1 ...
... no UTF-8 mapping file for font encoding PD1
)
(/usr/share/texlive/texmf-dist/tex/generic/intcalc/intcalc.sty
Package: intcalc 2019/12/15 v1.3 Expandable calculations with integers (HO)
)
(/usr/share/texlive/texmf-dist/tex/generic/etexcmds/etexcmds.sty
Package: etexcmds 2019/12/15 v1.7 Avoid name clashes with e-TeX commands (HO)
)
\Hy@SavedSpaceFactor=\count286
\pdfmajorversion=\count287
Package hyperref Info: Hyper figures OFF on input line 4547.
Package hyperref Info: Link nesting OFF on input line 4552.
Package hyperref Info: Hyper index ON on input line 4555.
Package hyperref Info: Plain pages OFF on input line 4562.
Package hyperref Info: Backreferencing OFF on input line 4567.
Package hyperref Info: Implicit mode ON; LaTeX internals redefined.
Package hyperref Info: Bookmarks ON on input line 4800.
\c@Hy@tempcnt=\count288
LaTeX Info: Redefining \url on input line 5159.
\XeTeXLinkMargin=\dimen171

(/usr/share/texlive/texmf-dist/tex/generic/bitset/bitset.sty
Package: bitset 2019/12/09 v1.3 Handle bit-vector datatype (HO)

(/usr/share/texlive/texmf-dist/tex/generic/bigintcalc/bigintcalc.sty
Package: bigintcalc 2019/12/15 v1.5 Expandable calculations on big integers (HO
)
))
\Fld@menulength=\count289
\Field@Width=\dimen172
\Fld@charsize=\dimen173
Package hyperref Info: Hyper figures OFF on input line 6430.
Package hyperref Info: Link nesting OFF on input line 6435.
Package hyperref Info: Hyper index ON on input line 6438.
Package hyperref Info: backreferencing OFF on input line 6445.
Package hyperref Info: Link coloring OFF on input line 6450.
Package hyperref Info: Link coloring with OCG OFF on input line 6455.
Package hyperref Info: PDF/A mode OFF on input line 6460.
LaTeX Info: Redefining \ref on input line 6500.
LaTeX Info: Redefining \pageref on input line 6504.

(/usr/share/texlive/texmf-dist/tex/generic/atbegshi/atbegshi.sty
Package: atbegshi 2019/12/05 v1.19 At begin shipout hook (HO)
)
\Hy@abspage=\count290
\c@Item=\count291
\c@Hfootnote=\count292
)
Package hyperref Info: Driver (autodetected): hpdftex.

(/usr/share/texlive/texmf-dist/tex/latex/hyperref/hpdftex.def
File: hpdftex.def 2020/01/14 v7.00d Hyperref driver for pdfTeX

(/usr/share/texlive/texmf-dist/tex/latex/atveryend/atveryend.sty
Package: atveryend 2019-12-11 v1.11 Hooks at the very end of document (HO)
Package atveryend Info: \enddocument detected (standard20110627).
)
\Fld@listcount=\count293
\c@bookmark@seq@number=\count294

(/usr/share/texlive/texmf-dist/tex/latex/rerunfilecheck/rerunfilecheck.sty
Package: rerunfilecheck 2019/12/05 v1.9 Rerun checks for auxiliary files (HO)

(/usr/share/texlive/texmf-dist/tex/generic/uniquecounter/uniquecounter.sty
Package: uniquecounter 2019/12/15 v1.4 Provide unlimited unique counter (HO)
)
Package uniquecounter Info: New unique counter `rerunfilecheck' on input line 2
86.
)
\Hy@SectionHShift=\skip73
)
\c@definition=\count295
\c@example=\count296
\c@proposition=\count297
\c@proof=\count298

(/usr/share/texlive/texmf-dist/tex/latex/l3backend/l3backend-pdfmode.def
File: l3backend-pdfmode.def 2020-02-03 L3 backend support: PDF mode
\l__kernel_color_stack_int=\count299
\l__pdf_internal_box=\box96
)
(./latex.aux

LaTeX Warning: Label `fig::example::one' multiply defined.


LaTeX Warning: Label `fig::example::one' multiply defined.


LaTeX Warning: Label `fig::example::one' multiply defined.


LaTeX Warning: Label `fig::example::one' multiply defined.


LaTeX Warning: Label `fig::example::one' multiply defined.


LaTeX Warning: Label `fig::example::one' multiply defined.


LaTeX Warning: Label `fig::example::one' multiply defined.


LaTeX Warning: Label `fig::example::one' multiply defined.


LaTeX Warning: Label `fig::example::one' multiply defined.


LaTeX Warning: Label `fig::example::one' multiply defined.


LaTeX Warning: Label `fig::example::one' multiply defined.


LaTeX Warning: Label `fig::example::one' multiply defined.


LaTeX Warning: Label `fig::example::one' multiply defined.


LaTeX Warning: Label `fig::example::one' multiply defined.


LaTeX Warning: Label `fig::example::one' multiply defined.


LaTeX Warning: Label `fig::example::one' multiply defined.


LaTeX Warning: Label `fig::example::one' multiply defined.


LaTeX Warning: Label `fig::example::two' multiply defined.


LaTeX Warning: Label `fig::example::one' multiply defined.


LaTeX Warning: Label `fig::example::two' multiply defined.


LaTeX Warning: Label `fig::example::one' multiply defined.


LaTeX Warning: Label `fig::example::one' multiply defined.

)
\openout1 = `latex.aux'.

LaTeX Font Info:    Checking defaults for OML/cmm/m/it on input line 31.
LaTeX Font Info:    ... okay on input line 31.
LaTeX Font Info:    Checking defaults for OMS/cmsy/m/n on input line 31.
LaTeX Font Info:    ... okay on input line 31.
LaTeX Font Info:    Checking defaults for OT1/cmr/m/n on input line 31.
LaTeX Font Info:    ... okay on input line 31.
LaTeX Font Info:    Checking defaults for T1/cmr/m/n on input line 31.
LaTeX Font Info:    ... okay on input line 31.
LaTeX Font Info:    Checking defaults for TS1/cmr/m/n on input line 31.
LaTeX Font Info:    ... okay on input line 31.
LaTeX Font Info:    Checking defaults for OMX/cmex/m/n on input line 31.
LaTeX Font Info:    ... okay on input line 31.
LaTeX Font Info:    Checking defaults for U/cmr/m/n on input line 31.
LaTeX Font Info:    ... okay on input line 31.
LaTeX Font Info:    Checking defaults for PD1/pdf/m/n on input line 31.
LaTeX Font Info:    ... okay on input line 31.
LaTeX Info: Redefining \degres on input line 31.
LaTeX Info: Redefining \dots on input line 31.
LaTeX Info: Redefining \up on input line 31.
 (/usr/share/texlive/texmf-dist/tex/context/base/mkii/supp-pdf.mkii
[Loading MPS to PDF converter (version 2006.09.02).]
\scratchcounter=\count300
\scratchdimen=\dimen174
\scratchbox=\box97
\nofMPsegments=\count301
\nofMParguments=\count302
\everyMPshowfont=\toks26
\MPscratchCnt=\count303
\MPscratchDim=\dimen175
\MPnumerator=\count304
\makeMPintoPDFobject=\count305
\everyMPtoPDFconversion=\toks27
) (/usr/share/texlive/texmf-dist/tex/latex/epstopdf-pkg/epstopdf-base.sty
Package: epstopdf-base 2020-01-24 v2.11 Base part for package epstopdf
Package epstopdf-base Info: Redefining graphics rule for `.eps' on input line 4
85.

(/usr/share/texlive/texmf-dist/tex/latex/latexconfig/epstopdf-sys.cfg
File: epstopdf-sys.cfg 2010/07/13 v1.3 Configuration of (r)epstopdf for TeX Liv
e
))
\AtBeginShipoutBox=\box98
Package hyperref Info: Link coloring OFF on input line 31.

(/usr/share/texlive/texmf-dist/tex/latex/hyperref/nameref.sty
Package: nameref 2019/09/16 v2.46 Cross-referencing by name of section

(/usr/share/texlive/texmf-dist/tex/latex/refcount/refcount.sty
Package: refcount 2019/12/15 v3.6 Data extraction from label references (HO)
)
(/usr/share/texlive/texmf-dist/tex/generic/gettitlestring/gettitlestring.sty
Package: gettitlestring 2019/12/15 v1.6 Cleanup title references (HO)
)
\c@section@level=\count306
)
LaTeX Info: Redefining \ref on input line 31.
LaTeX Info: Redefining \pageref on input line 31.
LaTeX Info: Redefining \nameref on input line 31.

(./latex.out) (./latex.out)
\@outlinefile=\write3
\openout3 = `latex.out'.

LaTeX Font Info:    Trying to load font information for U+msa on input line 33.


(/usr/share/texlive/texmf-dist/tex/latex/amsfonts/umsa.fd
File: umsa.fd 2013/01/14 v3.01 AMS symbols A
)
LaTeX Font Info:    Trying to load font information for U+msb on input line 33.


(/usr/share/texlive/texmf-dist/tex/latex/amsfonts/umsb.fd
File: umsb.fd 2013/01/14 v3.01 AMS symbols B
)
LaTeX Font Info:    Trying to load font information for U+lasy on input line 33
.

(/usr/share/texlive/texmf-dist/tex/latex/base/ulasy.fd
File: ulasy.fd 1998/08/17 v2.2e LaTeX symbol font definitions
)
<images/ecos.png, id=48, 353.06906pt x 192.72pt>
File: images/ecos.png Graphic file (type png)
<use images/ecos.png>
Package pdftex.def Info: images/ecos.png  used on input line 33.
(pdftex.def)             Requested size: 199.16928pt x 108.71643pt.
 (./latex.toc)
\tf@toc=\write4
\openout4 = `latex.toc'.

 [1

{/var/lib/texmf/fonts/map/pdftex/updmap/pdftex.map} <./images/ecos.png>]
Underfull \hbox (badness 10000) in paragraph at lines 38--39

 []


Underfull \hbox (badness 10000) in paragraph at lines 41--44

 []


Underfull \hbox (badness 10000) in paragraph at lines 46--47

 []


Underfull \hbox (badness 10000) in paragraph at lines 49--51

 []

<images/logoUni.png, id=73, 361.35pt x 135.50626pt>
File: images/logoUni.png Graphic file (type png)
<use images/logoUni.png>
Package pdftex.def Info: images/logoUni.png  used on input line 51.
(pdftex.def)             Requested size: 79.66266pt x 29.87547pt.

Package Fancyhdr Warning: \headheight is too small (12.0pt): 
Make it at least 33.9555pt.
We now make it that large for the rest of the document.
This may cause the page layout to be inconsistent, however.

[2 <./images/logoUni.png>]
<images/arborecsens/arbrepart1.png, id=81, 586.44093pt x 602.25pt>
File: images/arborecsens/arbrepart1.png Graphic file (type png)
<use images/arborecsens/arbrepart1.png>
Package pdftex.def Info: images/arborecsens/arbrepart1.png  used on input line 
56.
(pdftex.def)             Requested size: 180.0pt x 184.84845pt.
<images/arborecsens/arbrepart2.png, id=82, 433.62pt x 557.83406pt>
File: images/arborecsens/arbrepart2.png Graphic file (type png)
<use images/arborecsens/arbrepart2.png>
Package pdftex.def Info: images/arborecsens/arbrepart2.png  used on input line 
62.
(pdftex.def)             Requested size: 180.0pt x 231.56491pt.
<images/arborecsens/arbrepart3.png, id=83, 592.46344pt x 517.935pt>
File: images/arborecsens/arbrepart3.png Graphic file (type png)
<use images/arborecsens/arbrepart3.png>
Package pdftex.def Info: images/arborecsens/arbrepart3.png  used on input line 
68.
(pdftex.def)             Requested size: 180.0pt x 157.35745pt.
<images/arborecsens/arbrepart4.png, id=84, 584.1825pt x 572.89032pt>
File: images/arborecsens/arbrepart4.png Graphic file (type png)
<use images/arborecsens/arbrepart4.png>
Package pdftex.def Info: images/arborecsens/arbrepart4.png  used on input line 
74.
(pdftex.def)             Requested size: 180.0pt x 176.51894pt.
File: images/logoUni.png Graphic file (type png)
<use images/logoUni.png>
Package pdftex.def Info: images/logoUni.png  used on input line 78.
(pdftex.def)             Requested size: 79.66266pt x 29.87547pt.
 [3 <./images/arborecsens/arbrepart1.png> <./images/arborecsens/arbrepart2.png>
]
File: images/logoUni.png Graphic file (type png)
<use images/logoUni.png>
Package pdftex.def Info: images/logoUni.png  used on input line 80.
(pdftex.def)             Requested size: 79.66266pt x 29.87547pt.
 [4 <./images/arborecsens/arbrepart3.png> <./images/arborecsens/arbrepart4.png>
]
<images/arborecsens/arbrepart5.png, id=102, 610.53094pt x 609.77812pt>
File: images/arborecsens/arbrepart5.png Graphic file (type png)
<use images/arborecsens/arbrepart5.png>
Package pdftex.def Info: images/arborecsens/arbrepart5.png  used on input line 
83.
(pdftex.def)             Requested size: 180.0pt x 179.78062pt.
<images/arborecsens/arbrepart6.png, id=103, 666.99188pt x 557.08125pt>
File: images/arborecsens/arbrepart6.png Graphic file (type png)
<use images/arborecsens/arbrepart6.png>
Package pdftex.def Info: images/arborecsens/arbrepart6.png  used on input line 
89.
(pdftex.def)             Requested size: 180.0pt x 150.33745pt.
File: images/logoUni.png Graphic file (type png)
<use images/logoUni.png>
Package pdftex.def Info: images/logoUni.png  used on input line 93.
(pdftex.def)             Requested size: 79.66266pt x 29.87547pt.
 [5 <./images/arborecsens/arbrepart5.png> <./images/arborecsens/arbrepart6.png>
]
<images/arborecsens/arbrepart7.png, id=112, 466.74374pt x 594.72188pt>
File: images/arborecsens/arbrepart7.png Graphic file (type png)
<use images/arborecsens/arbrepart7.png>
Package pdftex.def Info: images/arborecsens/arbrepart7.png  used on input line 
98.
(pdftex.def)             Requested size: 180.0pt x 229.35431pt.
File: images/logoUni.png Graphic file (type png)
<use images/logoUni.png>
Package pdftex.def Info: images/logoUni.png  used on input line 103.
(pdftex.def)             Requested size: 79.66266pt x 29.87547pt.
 [6 <./images/arborecsens/arbrepart7.png>]
<images/exemple_algo_A_star.png, id=119, 531.9875pt x 307.1475pt>
File: images/exemple_algo_A_star.png Graphic file (type png)
<use images/exemple_algo_A_star.png>
Package pdftex.def Info: images/exemple_algo_A_star.png  used on input line 115
.
(pdftex.def)             Requested size: 360.0pt x 207.85458pt.

Underfull \hbox (badness 10000) in paragraph at lines 107--119

 []

File: images/logoUni.png Graphic file (type png)
<use images/logoUni.png>
Package pdftex.def Info: images/logoUni.png  used on input line 119.
(pdftex.def)             Requested size: 79.66266pt x 29.87547pt.
[7]
Underfull \hbox (badness 10000) in paragraph at lines 124--125

 []


Underfull \hbox (badness 10000) in paragraph at lines 125--126

 []


Underfull \hbox (badness 10000) in paragraph at lines 131--132

 []


Underfull \hbox (badness 10000) in paragraph at lines 133--134

 []


Underfull \hbox (badness 10000) in paragraph at lines 134--135

 []


Underfull \hbox (badness 10000) in paragraph at lines 135--136

 []

<images/creation_logo.jpg, id=125, 5492.52pt x 7323.36pt>
File: images/creation_logo.jpg Graphic file (type jpg)
<use images/creation_logo.jpg>
Package pdftex.def Info: images/creation_logo.jpg  used on input line 139.
(pdftex.def)             Requested size: 180.0pt x 239.91722pt.
File: images/logoUni.png Graphic file (type png)
<use images/logoUni.png>
Package pdftex.def Info: images/logoUni.png  used on input line 143.
(pdftex.def)             Requested size: 79.66266pt x 29.87547pt.
[8 <./images/exemple_algo_A_star.png>]
Underfull \hbox (badness 10000) in paragraph at lines 143--144

 []

<images/rabbit.png, id=135, 138.5175pt x 99.37125pt>
File: images/rabbit.png Graphic file (type png)
<use images/rabbit.png>
Package pdftex.def Info: images/rabbit.png  used on input line 147.
(pdftex.def)             Requested size: 270.0pt x 193.71855pt.
File: images/logoUni.png Graphic file (type png)
<use images/logoUni.png>
Package pdftex.def Info: images/logoUni.png  used on input line 153.
(pdftex.def)             Requested size: 79.66266pt x 29.87547pt.
[9 <./images/creation_logo.jpg>]
Underfull \hbox (badness 10000) in paragraph at lines 154--155

 []


Underfull \hbox (badness 10000) in paragraph at lines 156--157

 []


Underfull \hbox (badness 10000) in paragraph at lines 157--158

 []

<images/graph.png, id=143, 462.528pt x 346.896pt>
File: images/graph.png Graphic file (type png)
<use images/graph.png>
Package pdftex.def Info: images/graph.png  used on input line 161.
(pdftex.def)             Requested size: 360.0pt x 270.01141pt.

Underfull \hbox (badness 10000) in paragraph at lines 165--166

 []

File: images/logoUni.png Graphic file (type png)
<use images/logoUni.png>
Package pdftex.def Info: images/logoUni.png  used on input line 167.
(pdftex.def)             Requested size: 79.66266pt x 29.87547pt.
[10 <./images/rabbit.png>]
Underfull \hbox (badness 10000) in paragraph at lines 168--169

 []


Underfull \hbox (badness 10000) in paragraph at lines 170--171

 []

<images/human.png, id=154, 192.72pt x 128.48pt>
File: images/human.png Graphic file (type png)
<use images/human.png>
Package pdftex.def Info: images/human.png  used on input line 175.
(pdftex.def)             Requested size: 180.0pt x 119.99878pt.

Underfull \hbox (badness 10000) in paragraph at lines 171--180

 []

<images/orc.png, id=155, 115.632pt x 77.088pt>
File: images/orc.png Graphic file (type png)
<use images/orc.png>
Package pdftex.def Info: images/orc.png  used on input line 184.
(pdftex.def)             Requested size: 180.0pt x 120.00623pt.

Underfull \hbox (badness 10000) in paragraph at lines 180--191

 []


Underfull \hbox (badness 10000) in paragraph at lines 180--191

 []

File: images/logoUni.png Graphic file (type png)
<use images/logoUni.png>
Package pdftex.def Info: images/logoUni.png  used on input line 191.
(pdftex.def)             Requested size: 79.66266pt x 29.87547pt.
[11 <./images/graph.png> <./images/human.png>]
<images/loup.jpg, id=167, 3131.7pt x 4175.6pt>
File: images/loup.jpg Graphic file (type jpg)
<use images/loup.jpg>
Package pdftex.def Info: images/loup.jpg  used on input line 196.
(pdftex.def)             Requested size: 180.0pt x 239.9486pt.
<images/loup2.jpg, id=168, 3131.7pt x 4175.6pt>
File: images/loup2.jpg Graphic file (type jpg)
<use images/loup2.jpg>
Package pdftex.def Info: images/loup2.jpg  used on input line 200.
(pdftex.def)             Requested size: 180.0pt x 239.9486pt.

Overfull \hbox (2.42162pt too wide) in paragraph at lines 194--202
[]$[]$  $[]$ 
 []

<images/ours.jpg, id=169, 3131.7pt x 4175.6pt>
File: images/ours.jpg Graphic file (type jpg)
<use images/ours.jpg>
Package pdftex.def Info: images/ours.jpg  used on input line 208.
(pdftex.def)             Requested size: 180.0pt x 239.9486pt.
<images/lapin.jpg, id=170, 3131.7pt x 4175.6pt>
File: images/lapin.jpg Graphic file (type jpg)
<use images/lapin.jpg>
Package pdftex.def Info: images/lapin.jpg  used on input line 215.
(pdftex.def)             Requested size: 180.0pt x 239.9486pt.
<images/caillou&batton.jpg, id=171, 3131.7pt x 4175.6pt>
File: images/caillou&batton.jpg Graphic file (type jpg)
<use images/caillou&batton.jpg>
Package pdftex.def Info: images/caillou&batton.jpg  used on input line 222.
(pdftex.def)             Requested size: 180.0pt x 239.9486pt.

Underfull \hbox (badness 10000) in paragraph at lines 191--227

 []

File: images/logoUni.png Graphic file (type png)
<use images/logoUni.png>
Package pdftex.def Info: images/logoUni.png  used on input line 227.
(pdftex.def)             Requested size: 79.66266pt x 29.87547pt.
[12 <./images/orc.png> <./images/loup.jpg> <./images/loup2.jpg>]
File: images/logoUni.png Graphic file (type png)
<use images/logoUni.png>
Package pdftex.def Info: images/logoUni.png  used on input line 227.
(pdftex.def)             Requested size: 79.66266pt x 29.87547pt.
 [13 <./images/ours.jpg> <./images/lapin.jpg>]
File: images/logoUni.png Graphic file (type png)
<use images/logoUni.png>
Package pdftex.def Info: images/logoUni.png  used on input line 229.
(pdftex.def)             Requested size: 79.66266pt x 29.87547pt.
 [14 <./images/caillou&batton.jpg>]
<images/loup.png, id=193, 144.54pt x 101.62968pt>
File: images/loup.png Graphic file (type png)
<use images/loup.png>
Package pdftex.def Info: images/loup.png  used on input line 234.
(pdftex.def)             Requested size: 180.0pt x 126.56845pt.
<images/ours.png, id=194, 144.54pt x 96.36pt>
File: images/ours.png Graphic file (type png)
<use images/ours.png>
Package pdftex.def Info: images/ours.png  used on input line 241.
(pdftex.def)             Requested size: 180.0pt x 120.00563pt.
<images/caillou.png, id=195, 24.09pt x 24.09pt>
File: images/caillou.png Graphic file (type png)
<use images/caillou.png>
Package pdftex.def Info: images/caillou.png  used on input line 249.
(pdftex.def)             Requested size: 180.0pt x 180.0881pt.
<images/baton.png, id=196, 24.09pt x 24.09pt>
File: images/baton.png Graphic file (type png)
<use images/baton.png>
Package pdftex.def Info: images/baton.png  used on input line 253.
(pdftex.def)             Requested size: 180.0pt x 180.0881pt.

Overfull \hbox (2.42162pt too wide) in paragraph at lines 247--255
[]$[]$  $[]$ 
 []

File: images/logoUni.png Graphic file (type png)
<use images/logoUni.png>
Package pdftex.def Info: images/logoUni.png  used on input line 258.
(pdftex.def)             Requested size: 79.66266pt x 29.87547pt.
[15 <./images/loup.png> <./images/ours.png>]
Underfull \hbox (badness 10000) in paragraph at lines 259--261

 []


Underfull \hbox (badness 10000) in paragraph at lines 259--261

 []


Underfull \hbox (badness 10000) in paragraph at lines 261--263

 []


Underfull \hbox (badness 10000) in paragraph at lines 261--263

 []

<images/herbe.png, id=206, 24.09pt x 24.09pt>
File: images/herbe.png Graphic file (type png)
<use images/herbe.png>
Package pdftex.def Info: images/herbe.png  used on input line 266.
(pdftex.def)             Requested size: 108.0011pt x 108.01868pt.

Underfull \hbox (badness 10000) in paragraph at lines 263--271

 []


Underfull \hbox (badness 10000) in paragraph at lines 271--272

 []

File: images/logoUni.png Graphic file (type png)
<use images/logoUni.png>
Package pdftex.def Info: images/logoUni.png  used on input line 273.
(pdftex.def)             Requested size: 79.66266pt x 29.87547pt.
[16 <./images/caillou.png> <./images/baton.png> <./images/herbe.png>]
<images/exemple1.png, id=220, 513.92pt x 740.7675pt>
File: images/exemple1.png Graphic file (type png)
<use images/exemple1.png>
Package pdftex.def Info: images/exemple1.png  used on input line 280.
(pdftex.def)             Requested size: 135.0pt x 194.58437pt.
<images/exemple2.png, id=221, 1062.97125pt x 841.1425pt>
File: images/exemple2.png Graphic file (type png)
<use images/exemple2.png>
Package pdftex.def Info: images/exemple2.png  used on input line 284.
(pdftex.def)             Requested size: 270.0pt x 213.64783pt.

Overfull \hbox (90.0pt too wide) in paragraph at lines 284--285
 [][] 
 []


Overfull \hbox (2.42162pt too wide) in paragraph at lines 278--286
[]$[]$  $[]$ 
 []

File: images/logoUni.png Graphic file (type png)
<use images/logoUni.png>
Package pdftex.def Info: images/logoUni.png  used on input line 289.
(pdftex.def)             Requested size: 79.66266pt x 29.87547pt.
[17 <./images/exemple1.png> <./images/exemple2.png>]
File: images/human.png Graphic file (type png)
<use images/human.png>
Package pdftex.def Info: images/human.png  used on input line 297.
(pdftex.def)             Requested size: 180.0pt x 119.99878pt.
File: images/orc.png Graphic file (type png)
<use images/orc.png>
Package pdftex.def Info: images/orc.png  used on input line 305.
(pdftex.def)             Requested size: 180.0pt x 120.00623pt.

Overfull \hbox (0.269pt too wide) in paragraph at lines 293--314
\T1/cmr/m/n/10.95 Pour "l'al-go-rithme" : https ://khayyam.developpez.com/artic
les/algo/astar/
 []


Underfull \hbox (badness 10000) in paragraph at lines 293--314

 []

File: images/logoUni.png Graphic file (type png)
<use images/logoUni.png>
Package pdftex.def Info: images/logoUni.png  used on input line 315.
(pdftex.def)             Requested size: 79.66266pt x 29.87547pt.
[18]
Underfull \hbox (badness 10000) in paragraph at lines 319--326

 []


Underfull \hbox (badness 10000) in paragraph at lines 332--333

 []


Underfull \hbox (badness 10000) in paragraph at lines 334--335

 []


Underfull \hbox (badness 10000) in paragraph at lines 335--336

 []


Underfull \hbox (badness 10000) in paragraph at lines 336--337

 []

File: images/logoUni.png Graphic file (type png)
<use images/logoUni.png>
Package pdftex.def Info: images/logoUni.png  used on input line 339.
(pdftex.def)             Requested size: 79.66266pt x 29.87547pt.
[19]
Package atveryend Info: Empty hook `BeforeClearDocument' on input line 340.
Package atveryend Info: Empty hook `AfterLastShipout' on input line 340.
 (./latex.aux)
Package atveryend Info: Executing hook `AtVeryEndDocument' on input line 340.
Package atveryend Info: Executing hook `AtEndAfterFileList' on input line 340.
Package rerunfilecheck Info: File `latex.out' has not changed.
(rerunfilecheck)             Checksum: 0D12D0A28F3E28803DFEEBCC4D4854E7;830.


LaTeX Warning: There were multiply-defined labels.

Package atveryend Info: Empty hook `AtVeryVeryEnd' on input line 340.
 ) 
Here is how much of TeX's memory you used:
 8984 strings out of 481239
 131037 string characters out of 5920378
 401286 words of memory out of 5000000
 23952 multiletter control sequences out of 15000+600000
 545709 words of font info for 61 fonts, out of 8000000 for 9000
 1141 hyphenation exceptions out of 8191
 34i,15n,45p,662b,492s stack positions out of 5000i,500n,10000p,200000b,80000s
 </home/22008229/.texlive2019/texmf-var/fonts/pk/ljfour/jknappen/ec/eccc1095.
600pk> </home/22008229/.texlive2019/texmf-var/fonts/pk/ljfour/jknappen/ec/ecbx1
200.600pk> </home/22008229/.texlive2019/texmf-var/fonts/pk/ljfour/jknappen/ec/e
crm1095.600pk> </home/22008229/.texlive2019/texmf-var/fonts/pk/ljfour/jknappen/
ec/ecbx1095.600pk> </home/22008229/.texlive2019/texmf-var/fonts/pk/ljfour/jknap
pen/ec/ecbx1440.600pk> </home/22008229/.texlive2019/texmf-var/fonts/pk/ljfour/j
knappen/ec/eccc1200.600pk> </home/22008229/.texlive2019/texmf-var/fonts/pk/ljfo
ur/jknappen/ec/ecrm1200.600pk>
Output written on latex.pdf (19 pages, 14771725 bytes).
PDF statistics:
 517 PDF objects out of 1000 (max. 8388607)
 216 compressed objects within 3 object streams
 76 named destinations out of 1000 (max. 500000)
 224 words of extra memory for PDF output out of 10000 (max. 10000000)

